<?xml version="1.0" encoding="UTF-8"?>
<testng-results skipped="0" failed="0" ignored="0" total="2" passed="2">
  <reporter-output>
  </reporter-output>
  <suite name="Default suite" duration-ms="82" started-at="2018-08-01T09:25:13Z" finished-at="2018-08-01T09:25:13Z">
    <groups>
    </groups>
    <test name="Default test" duration-ms="82" started-at="2018-08-01T09:25:13Z" finished-at="2018-08-01T09:25:13Z">
      <class name="com.my.algorithm.utils.SimpleUtilsTest">
        <test-method status="PASS" signature="init()[pri:0, instance:com.my.algorithm.utils.SimpleUtilsTest@5419f379]" name="init" is-config="true" duration-ms="13" started-at="2018-08-01T09:25:13Z" finished-at="2018-08-01T09:25:13Z">
          <reporter-output>
          </reporter-output>
        </test-method> <!-- init -->
        <test-method status="PASS" signature="stringToBooleanFalseTest()[pri:0, instance:com.my.algorithm.utils.SimpleUtilsTest@5419f379]" name="stringToBooleanFalseTest" duration-ms="12" started-at="2018-08-01T09:25:13Z" finished-at="2018-08-01T09:25:13Z">
          <reporter-output>
          </reporter-output>
        </test-method> <!-- stringToBooleanFalseTest -->
        <test-method status="PASS" signature="init()[pri:0, instance:com.my.algorithm.utils.SimpleUtilsTest@5419f379]" name="init" is-config="true" duration-ms="0" started-at="2018-08-01T09:25:13Z" finished-at="2018-08-01T09:25:13Z">
          <reporter-output>
          </reporter-output>
        </test-method> <!-- init -->
        <test-method status="PASS" signature="stringToBooleanTrueTest()[pri:0, instance:com.my.algorithm.utils.SimpleUtilsTest@5419f379]" name="stringToBooleanTrueTest" duration-ms="4" started-at="2018-08-01T09:25:13Z" finished-at="2018-08-01T09:25:13Z">
          <reporter-output>
          </reporter-output>
        </test-method> <!-- stringToBooleanTrueTest -->
      </class> <!-- com.my.algorithm.utils.SimpleUtilsTest -->
    </test> <!-- Default test -->
  </suite> <!-- Default suite -->
</testng-results>
